<?xml version="1.0" encoding="UTF-8"?>
<!-- Generated by org.testng.reporters.JUnitReportReporter -->
<testsuite hostname="DESKTOP-3LAS9CR" failures="0" tests="3" name="CrossBrowserData_ParameterPac.OpenBrowser_CrossBrowserDataParameter" time="352.142" errors="0" timestamp="18 Dec 2018 00:54:55 GMT" skipped="0">
  <testcase classname="CrossBrowserData_ParameterPac.OpenBrowser_CrossBrowserDataParameter" name="facebookSignUp" time="9.738"/>
  <testcase classname="CrossBrowserData_ParameterPac.OpenBrowser_CrossBrowserDataParameter" name="facebookSignUp" time="334.289"/>
  <testcase classname="CrossBrowserData_ParameterPac.OpenBrowser_CrossBrowserDataParameter" name="facebookSignUp" time="8.115"/>
</testsuite> <!-- CrossBrowserData_ParameterPac.OpenBrowser_CrossBrowserDataParameter -->
